<?xml version="1.0" encoding="UTF-8"?>
<testsuite xmlns:xsi="http://www.w3.org/2001/XMLSchema-instance" xsi:noNamespaceSchemaLocation="https://maven.apache.org/surefire/maven-surefire-plugin/xsd/surefire-test-report.xsd" version="3.0.1" name="com.cursogetafe.agenda.persistencia.ContactoDAOJPATest" time="0.874" tests="1" errors="0" skipped="0" failures="0">
  <properties>
[...]
</properties>
  <testcase name="testEliminar_Contacto" classname="com.cursogetafe.agenda.persistencia.ContactoDAOJPATest" time="0.214">
    <system-out><![CDATA[eliminar
]]></system-out>
    <system-err><![CDATA[jul 28, 2025 1:34:59 P. M. org.hibernate.jpa.internal.util.LogHelper logPersistenceUnitInformation
INFO: HHH000204: Processing PersistenceUnitInfo [name: agenda_test]
jul 28, 2025 1:34:59 P. M. org.hibernate.Version logVersion
INFO: HHH000412: Hibernate ORM core version 7.0.6.Final
jul 28, 2025 1:34:59 P. M. org.hibernate.engine.jdbc.connections.internal.DriverManagerConnectionProviderImpl configure
WARN: HHH10001002: Using built-in connection pool (not intended for production use)
jul 28, 2025 1:34:59 P. M. org.hibernate.engine.jdbc.dialect.internal.DialectFactoryImpl constructDialect
WARN: HHH90000025: MySQLDialect does not need to be specified explicitly using 'hibernate.dialect' (remove the property setting and it will be selected by default)
jul 28, 2025 1:34:59 P. M. org.hibernate.engine.jdbc.env.internal.JdbcEnvironmentInitiator logConnectionInfo
INFO: HHH10001005: Database info:
	Database JDBC URL [jdbc:mysql://localhost:3366/11_agenda_test]
	Database driver: com.mysql.cj.jdbc.Driver
	Database version: 8.0.42
	Autocommit mode: false
	Isolation level: undefined/unknown
	Pool: DriverManagerConnectionProviderImpl
	Minimum pool size: 1
	Maximum pool size: 20
jul 28, 2025 1:35:00 P. M. org.hibernate.engine.transaction.jta.platform.internal.JtaPlatformInitiator initiateService
INFO: HHH000489: No JTA platform available (set 'hibernate.transaction.jta.platform' to enable JTA platform integration)
]]></system-err>
  </testcase>
</testsuite>